[2017-12-17 18:35:34] START
[2017-12-17 18:42:55] EDIT MIDEX_1/controllers/default.py: 10
[2017-12-17 18:46:50] EDIT MIDEX_1/views/default/despacho.html: 5
[2017-12-17 18:49:20] EDIT MIDEX_1/views/layout.html: 0
[2017-12-17 18:50:00] EDIT MIDEX_1/views/layout.html: 0
[2017-12-17 18:50:10] EDIT MIDEX_1/views/layout.html: 0
[2017-12-17 18:50:46] EDIT MIDEX_1/views/layout.html: 0
[2017-12-17 18:51:32] EDIT MIDEX_1/views/layout.html: 0
[2017-12-17 18:51:54] EDIT MIDEX_1/views/layout.html: 0
[2017-12-17 18:53:16] EDIT MIDEX_1/views/layout.html: 5
[2017-12-17 18:53:40] EDIT MIDEX_1/views/default/despacho.html: -5
[2017-12-17 18:55:24] EDIT MIDEX_1/views/default/index.html: 0
[2017-12-17 18:56:55] EDIT MIDEX_1/views/default/index.html: 1
[2017-12-17 18:58:09] EDIT MIDEX_1/views/default/index.html: -1
[2017-12-17 18:59:36] EDIT MIDEX_1/views/default/index.html: 0
[2017-12-17 19:00:28] EDIT MIDEX_1/views/default/index.html: 2
[2017-12-17 19:01:46] EDIT MIDEX_1/views/default/index.html: 0
[2017-12-17 19:02:08] EDIT MIDEX_1/views/default/index.html: 0
[2017-12-17 19:02:26] EDIT MIDEX_1/views/default/index.html: 0
[2017-12-17 19:03:15] EDIT MIDEX_1/views/layout.html: 0
[2017-12-17 19:04:03] EDIT MIDEX_1/views/layout.html: -5
[2017-12-17 19:06:42] EDIT MIDEX_1/views/layout.html: 5
[2017-12-17 19:07:10] EDIT MIDEX_1/views/layout.html: -5
[2017-12-17 19:07:27] EDIT MIDEX_1/views/layout.html: 0
[2017-12-17 19:08:36] EDIT MIDEX_1/views/layout.html: 0
[2017-12-17 19:10:46] EDIT MIDEX_1/views/layout.html: 3
[2017-12-17 19:11:36] EDIT MIDEX_1/views/layout.html: -2
[2017-12-17 19:13:06] EDIT MIDEX_1/views/layout.html: 2
[2017-12-17 19:14:09] EDIT MIDEX_1/views/layout.html: 0
[2017-12-17 19:15:08] EDIT MIDEX_1/views/layout.html: 0
[2017-12-17 19:15:25] EDIT MIDEX_1/views/layout.html: -2
[2017-12-17 19:16:08] EDIT MIDEX_1/views/layout.html: 2
[2017-12-17 19:17:20] EDIT MIDEX_1/views/layout.html: 0
[2017-12-17 19:17:21] EDIT MIDEX_1/views/layout.html: 0
[2017-12-17 19:19:18] EDIT MIDEX_1/views/layout.html: 0
[2017-12-17 19:26:59] EDIT MIDEX_1/models/menu.py: 1
[2017-12-17 19:28:52] EDIT MIDEX_1/views/default/index.html: 14
[2017-12-17 19:29:14] EDIT MIDEX_1/views/default/index.html: -1
[2017-12-17 19:30:18] EDIT MIDEX_1/views/default/index.html: 3
[2017-12-17 19:30:31] EDIT MIDEX_1/views/default/index.html: 0
[2017-12-17 19:31:51] EDIT MIDEX_1/views/default/index.html: 0
[2017-12-17 19:32:57] EDIT MIDEX_1/views/default/despacho.html: 13
[2017-12-17 19:33:44] EDIT MIDEX_1/views/default/despacho.html: 2
[2017-12-17 19:34:18] EDIT MIDEX_1/views/default/despacho.html: 0
[2017-12-17 19:35:12] EDIT MIDEX_1/views/default/despacho.html: 0
[2017-12-17 19:36:06] EDIT MIDEX_1/views/default/despacho.html: 3
[2017-12-17 19:36:32] EDIT MIDEX_1/views/default/despacho.html: 0
[2017-12-17 19:37:20] EDIT MIDEX_1/views/default/despacho.html: -3
[2017-12-17 19:38:41] EDIT MIDEX_1/views/default/despacho.html: 4
[2017-12-17 19:39:02] EDIT MIDEX_1/views/default/despacho.html: 0
[2017-12-17 19:39:22] EDIT MIDEX_1/views/default/despacho.html: 0
[2017-12-17 19:39:46] EDIT MIDEX_1/views/default/despacho.html: 0
[2017-12-17 19:40:19] EDIT MIDEX_1/views/default/despacho.html: 0
[2017-12-17 19:41:10] EDIT MIDEX_1/views/default/despacho.html: 0
[2017-12-17 19:41:44] EDIT MIDEX_1/views/default/despacho.html: 0
[2017-12-17 19:42:07] EDIT MIDEX_1/views/default/despacho.html: 0
[2017-12-17 19:42:43] EDIT MIDEX_1/views/default/despacho.html: 2
[2017-12-17 19:43:36] EDIT MIDEX_1/views/default/despacho.html: -4
[2017-12-18 11:03:50] EDIT MIDEX_1/views/default/index.html: 0
[2017-12-18 11:03:58] EDIT MIDEX_1/views/default/index.html: 0
[2017-12-18 11:06:43] EDIT MIDEX_1/views/default/index.html: 0
[2017-12-18 11:07:11] EDIT MIDEX_1/views/default/index.html: 0
[2017-12-18 11:08:27] EDIT MIDEX_1/views/default/index.html: -2
[2017-12-18 11:09:56] EDIT MIDEX_1/views/default/index.html: 0
[2017-12-18 11:10:38] EDIT MIDEX_1/views/default/index.html: -4
[2017-12-18 11:10:52] EDIT MIDEX_1/views/default/index.html: 0
[2017-12-18 11:11:37] EDIT MIDEX_1/views/default/index.html: 1
[2017-12-18 11:15:13] EDIT MIDEX_1/views/layout.html: 1
[2017-12-18 11:16:00] EDIT MIDEX_1/views/layout.html: 0
[2017-12-18 11:17:16] EDIT MIDEX_1/views/layout.html: 0
[2017-12-18 11:17:40] EDIT MIDEX_1/views/layout.html: 0
[2017-12-18 11:19:39] EDIT MIDEX_1/views/layout.html: 0
[2017-12-18 11:20:01] EDIT MIDEX_1/views/layout.html: 0
[2017-12-18 11:20:51] EDIT MIDEX_1/models/menu.py: 0
[2017-12-18 11:27:11] EDIT MIDEX_1/views/layout.html: 0
[2017-12-18 11:27:26] EDIT MIDEX_1/views/layout.html: 0
[2017-12-18 11:28:14] EDIT MIDEX_1/views/layout.html: 0
[2017-12-18 11:30:18] EDIT MIDEX_1/views/default/index.html: -8
[2017-12-18 11:31:02] EDIT MIDEX_1/views/layout.html: 9
[2017-12-18 11:31:50] EDIT MIDEX_1/views/layout.html: -9
[2017-12-18 11:32:06] EDIT MIDEX_1/views/layout.html: 0
[2017-12-18 11:33:13] EDIT MIDEX_1/views/layout.html: 0
[2017-12-18 11:34:33] EDIT MIDEX_1/views/layout.html: 0
[2017-12-18 11:35:09] EDIT MIDEX_1/views/default/despacho.html: -15
[2017-12-18 15:08:01] EDIT MIDEX_1/views/layout.html: 0
[2017-12-18 15:25:22] EDIT MIDEX_1/views/layout.html: 0
[2017-12-18 15:29:37] EDIT MIDEX_1/views/layout.html: 0
[2017-12-18 15:31:26] EDIT MIDEX_1/views/layout.html: 0
[2017-12-18 15:34:31] EDIT MIDEX_1/static/css/web2py.css: 0
[2017-12-18 17:04:24] EDIT MIDEX_1/views/layout.html: 6
[2017-12-18 17:06:21] EDIT MIDEX_1/views/layout.html: 0
[2017-12-18 17:07:53] EDIT MIDEX_1/views/layout.html: -6
[2017-12-18 17:08:27] EDIT MIDEX_1/views/layout.html: 0
[2017-12-18 17:20:34] EDIT MIDEX_1/views/layout.html: 2
[2017-12-18 17:25:56] EDIT MIDEX_1/views/layout.html: 0
[2017-12-18 17:26:45] EDIT MIDEX_1/views/layout.html: 0
[2017-12-18 17:38:03] EDIT MIDEX_1/views/layout.html: 2
[2017-12-20 12:13:09] EDIT MIDEX_1/static/css/web2py.css: 0
[2017-12-20 12:17:41] EDIT MIDEX_1/static/css/web2py.css: 1
[2017-12-20 12:17:53] EDIT MIDEX_1/static/css/web2py.css: 0
[2017-12-20 12:18:06] EDIT MIDEX_1/static/css/web2py.css: 0
[2017-12-20 12:18:48] EDIT MIDEX_1/static/css/web2py.css: 1
[2017-12-20 12:18:51] EDIT MIDEX_1/static/css/web2py.css: 0
[2017-12-20 12:20:06] EDIT MIDEX_1/static/css/web2py-bootstrap4.css: 2
[2017-12-20 12:27:18] EDIT MIDEX_1/views/layout.html: 0
[2017-12-20 12:27:54] EDIT MIDEX_1/views/layout.html: 0
[2017-12-20 12:28:10] EDIT MIDEX_1/views/layout.html: 0
[2017-12-20 12:30:41] EDIT MIDEX_1/static/css/web2py-bootstrap4.css: 1
[2017-12-20 12:30:50] EDIT MIDEX_1/static/css/web2py-bootstrap4.css: -2
[2017-12-20 12:31:36] EDIT MIDEX_1/static/css/web2py-bootstrap4.css: 0
[2017-12-20 12:34:41] EDIT MIDEX_1/static/css/web2py-bootstrap4.css: 0
[2017-12-20 15:40:02] EDIT MIDEX_1/views/layout.html: 1
[2017-12-20 15:40:25] EDIT MIDEX_1/views/layout.html: 0
[2017-12-20 15:40:37] EDIT MIDEX_1/views/layout.html: 0
[2017-12-20 15:41:16] EDIT MIDEX_1/views/layout.html: 1
[2017-12-20 15:45:27] EDIT MIDEX_1/views/layout.html: 0
[2017-12-20 17:49:13] EDIT MIDEX_1/views/layout.html: -1
[2017-12-20 17:53:36] EDIT MIDEX_1/views/layout.html: -1
[2017-12-20 17:54:56] EDIT MIDEX_1/views/layout.html: 0
[2017-12-27 18:28:33] EDIT MIDEX_1/views/layout.html: 0
[2017-12-27 18:29:09] EDIT MIDEX_1/views/layout.html: 0
[2017-12-27 18:29:37] EDIT MIDEX_1/views/layout.html: 0
[2017-12-27 18:32:17] EDIT MIDEX_1/views/layout.html: 0
[2017-12-27 20:53:53] EDIT MIDEX_1/controllers/default.py: 1
[2017-12-27 20:53:55] EDIT MIDEX_1/controllers/default.py: 0
[2017-12-27 20:54:03] EDIT MIDEX_1/controllers/default.py: 0
[2018-01-11 11:15:01] EDIT MIDEX_1/models/db_dato.py: 5
[2018-01-11 11:15:11] EDIT MIDEX_1/models/db_dato.py: 0
[2018-01-11 11:16:56] EDIT MIDEX_1/models/db_dato.py: 0
[2018-01-11 11:18:32] EDIT MIDEX_1/models/db_dato.py: 0
[2018-01-11 11:20:35] EDIT MIDEX_1/models/db_dato.py: 0
[2018-01-11 11:20:45] EDIT MIDEX_1/models/db_dato.py: 0
[2018-01-11 11:22:57] EDIT MIDEX_1/models/db_dato.py: 0
[2018-01-11 11:24:13] EDIT MIDEX_1/models/db_dato.py: 0
[2018-01-11 11:25:03] EDIT MIDEX_1/models/db_dato.py: 0
[2018-01-11 11:25:52] EDIT MIDEX_1/models/db_dato.py: 0
[2018-01-11 11:26:05] EDIT MIDEX_1/models/db_dato.py: 0
[2018-01-11 11:31:19] EDIT MIDEX_1/models/db_dato.py: 0
[2018-01-11 12:03:47] EDIT MIDEX_1/models/db_dato.py: 0
[2018-01-11 12:12:23] EDIT MIDEX_1/models/db_dato.py: 0
[2018-01-11 12:23:27] EDIT MIDEX_1/controllers/default.py: 11
[2018-01-11 12:24:09] EDIT MIDEX_1/controllers/default.py: 0
[2018-01-11 12:24:42] EDIT MIDEX_1/controllers/default.py: 0
[2018-01-11 12:25:42] CREATE default/imagen.html: 0
[2018-01-11 12:25:50] EDIT MIDEX_1/views/default/imagen.html: 0
[2018-01-11 12:26:03] EDIT MIDEX_1/views/default/despacho.html: 0
[2018-01-11 12:26:25] EDIT MIDEX_1/views/default/imagen.html: 1
[2018-01-11 12:27:00] EDIT MIDEX_1/models/menu.py: 3
[2018-01-11 12:27:16] EDIT MIDEX_1/controllers/default.py: 0
[2018-01-11 12:28:48] EDIT MIDEX_1/models/menu.py: 0
[2018-01-11 12:33:04] EDIT MIDEX_1/models/menu.py: 0
[2018-01-11 12:34:02] EDIT MIDEX_1/controllers/default.py: 0
[2018-01-11 12:35:56] EDIT MIDEX_1/models/menu.py: 0
[2018-01-11 12:36:20] EDIT MIDEX_1/models/menu.py: 0
[2018-01-11 12:36:40] EDIT MIDEX_1/controllers/default.py: 0
[2018-01-11 12:37:15] EDIT MIDEX_1/controllers/default.py: 0
[2018-01-11 12:37:30] EDIT MIDEX_1/models/menu.py: 0
[2018-01-11 12:40:11] EDIT MIDEX_1/controllers/default.py: 0
[2018-01-11 13:22:18] EDIT MIDEX_1/views/default/imagen.html: -2
[2018-01-11 13:29:16] EDIT MIDEX_1/views/default/imagen.html: 0
[2018-01-11 13:29:47] EDIT MIDEX_1/controllers/default.py: 0
[2018-01-11 13:30:49] EDIT MIDEX_1/views/default/imagen.html: 0
[2018-01-11 13:31:27] EDIT MIDEX_1/views/default/imagen.html: 0
[2018-01-11 13:32:18] EDIT MIDEX_1/controllers/default.py: 0
[2018-01-11 13:32:44] EDIT MIDEX_1/controllers/default.py: 0
[2018-01-11 14:48:51] EDIT MIDEX_1/controllers/default.py: 0
[2018-01-11 14:49:27] EDIT MIDEX_1/controllers/default.py: 0
[2018-01-11 14:50:22] EDIT MIDEX_1/controllers/default.py: 1
[2018-01-11 14:50:30] EDIT MIDEX_1/controllers/default.py: -1
[2018-01-11 14:51:07] EDIT MIDEX_1/controllers/default.py: 0
[2018-01-11 15:16:06] EDIT MIDEX_1/views/default/imagen.html: 2
[2018-01-11 15:18:42] EDIT MIDEX_1/views/default/imagen.html: -1
[2018-01-11 15:18:58] EDIT MIDEX_1/views/default/imagen.html: 0
[2018-01-11 15:19:14] EDIT MIDEX_1/views/default/imagen.html: -1
[2018-01-11 15:19:55] EDIT MIDEX_1/controllers/default.py: 0
[2018-01-11 15:22:05] EDIT MIDEX_1/views/default/imagen.html: 0
[2018-01-11 15:24:36] EDIT MIDEX_1/views/default/imagen.html: 1
[2018-01-11 15:25:15] EDIT MIDEX_1/views/default/imagen.html: 3
[2018-01-11 15:25:31] EDIT MIDEX_1/views/default/imagen.html: -1
[2018-01-11 15:25:32] EDIT MIDEX_1/views/default/imagen.html: 0
[2018-01-11 15:26:01] EDIT MIDEX_1/views/default/imagen.html: 0
[2018-01-11 15:27:12] EDIT MIDEX_1/views/default/imagen.html: 0
[2018-01-11 15:27:54] EDIT MIDEX_1/views/default/imagen.html: -1
[2018-01-11 15:36:38] EDIT MIDEX_1/views/default/imagen.html: 6
[2018-01-11 15:36:49] EDIT MIDEX_1/views/default/imagen.html: 0
[2018-01-11 15:49:51] EDIT MIDEX_1/views/default/imagen.html: 0
[2018-01-11 15:58:18] EDIT MIDEX_1/views/default/imagen.html: 1
[2018-01-11 16:30:00] EDIT MIDEX_1/models/db_dato.py: 1
[2018-01-11 16:30:24] EDIT MIDEX_1/models/db_dato.py: 1
[2018-01-11 16:30:27] EDIT MIDEX_1/models/db_dato.py: 0
[2018-01-11 16:30:30] EDIT MIDEX_1/models/db_dato.py: 0
[2018-01-11 16:30:37] EDIT MIDEX_1/models/db_dato.py: 0
[2018-01-11 16:30:39] EDIT MIDEX_1/models/db_dato.py: 0
[2018-01-11 16:30:57] EDIT MIDEX_1/models/db_dato.py: -1
[2018-01-11 16:31:29] EDIT MIDEX_1/models/db_dato.py: 0
[2018-01-11 16:31:49] EDIT MIDEX_1/models/db_dato.py: 0
[2018-01-11 16:32:06] EDIT MIDEX_1/models/db_dato.py: 0
[2018-01-11 16:32:36] EDIT MIDEX_1/models/db_dato.py: 0
[2018-01-11 16:34:45] EDIT MIDEX_1/models/db_dato.py: 0
[2018-01-11 16:36:29] EDIT MIDEX_1/models/db_dato.py: 0
[2018-01-11 16:36:31] EDIT MIDEX_1/models/db_dato.py: 0
[2018-01-11 16:38:03] EDIT MIDEX_1/controllers/default.py: 1
[2018-01-11 16:39:17] EDIT MIDEX_1/controllers/default.py: 0
[2018-01-11 16:39:20] EDIT MIDEX_1/controllers/default.py: 0
[2018-01-11 16:40:29] EDIT MIDEX_1/controllers/default.py: 0
[2018-01-11 16:42:01] EDIT MIDEX_1/views/default/imagen.html: 0
[2018-01-11 16:47:49] EDIT MIDEX_1/controllers/default.py: -4
[2018-01-11 16:48:21] CREATE default/imagen2.html: 0
[2018-01-11 16:48:45] EDIT MIDEX_1/views/default/imagen2.html: 9
[2018-01-11 16:48:50] EDIT MIDEX_1/views/default/imagen2.html: 0
[2018-01-11 16:49:10] EDIT MIDEX_1/models/menu.py: 3
[2018-01-11 16:50:05] EDIT MIDEX_1/models/menu.py: 0
[2018-01-11 16:51:51] EDIT MIDEX_1/controllers/default.py: 0
[2018-01-11 16:54:00] EDIT MIDEX_1/controllers/default.py: 0
[2018-01-11 16:54:07] EDIT MIDEX_1/controllers/default.py: 0
[2018-01-11 16:56:39] EDIT MIDEX_1/controllers/default.py: 1
[2018-01-11 17:02:52] EDIT MIDEX_1/controllers/default.py: 1
[2018-01-11 17:03:40] EDIT MIDEX_1/controllers/default.py: 0
[2018-01-11 17:05:49] EDIT MIDEX_1/models/db_dato.py: 0
[2018-01-11 17:08:17] EDIT MIDEX_1/models/db_dato.py: 0
[2018-01-11 17:12:28] EDIT MIDEX_1/controllers/default.py: 0
[2018-01-11 17:13:01] EDIT MIDEX_1/models/db_dato.py: 0
[2018-01-11 17:14:24] EDIT MIDEX_1/controllers/default.py: 0
[2018-01-11 17:14:47] EDIT MIDEX_1/controllers/default.py: 0
[2018-01-11 17:15:03] EDIT MIDEX_1/controllers/default.py: 0
[2018-01-11 17:16:47] EDIT MIDEX_1/controllers/default.py: 0
[2018-01-11 17:16:48] EDIT MIDEX_1/controllers/default.py: 0
[2018-01-11 17:16:49] EDIT MIDEX_1/controllers/default.py: 0
[2018-01-11 17:18:40] EDIT MIDEX_1/controllers/default.py: 0
[2018-01-11 17:18:46] EDIT MIDEX_1/controllers/default.py: 0
[2018-01-11 17:18:47] EDIT MIDEX_1/controllers/default.py: 0
[2018-01-11 17:18:48] EDIT MIDEX_1/controllers/default.py: 0
[2018-01-11 17:18:49] EDIT MIDEX_1/controllers/default.py: 0
[2018-01-11 17:19:05] EDIT MIDEX_1/controllers/default.py: 0
[2018-01-11 17:22:58] EDIT MIDEX_1/controllers/default.py: 2
[2018-01-11 17:25:32] EDIT MIDEX_1/controllers/default.py: 4
[2018-01-11 17:25:57] EDIT MIDEX_1/controllers/default.py: 0
[2018-01-11 17:25:59] EDIT MIDEX_1/controllers/default.py: 0
[2018-01-11 17:26:11] EDIT MIDEX_1/controllers/default.py: 0
[2018-01-11 17:26:13] EDIT MIDEX_1/controllers/default.py: 0
[2018-01-11 17:27:15] EDIT MIDEX_1/controllers/default.py: 0
[2018-01-11 17:27:23] EDIT MIDEX_1/controllers/default.py: 0
[2018-01-11 17:28:43] EDIT MIDEX_1/controllers/default.py: 0
[2018-01-11 17:35:10] EDIT MIDEX_1/controllers/default.py: 0
[2018-01-11 17:40:13] EDIT MIDEX_1/controllers/default.py: 1
[2018-01-11 17:42:39] EDIT MIDEX_1/controllers/default.py: 5
[2018-01-11 17:44:06] EDIT MIDEX_1/controllers/default.py: -3
[2018-01-11 17:44:27] EDIT MIDEX_1/controllers/default.py: 0
[2018-01-11 17:47:00] EDIT MIDEX_1/controllers/default.py: 0
[2018-01-11 17:48:10] EDIT MIDEX_1/views/default/imagen2.html: 8
[2018-01-11 17:49:21] EDIT MIDEX_1/views/default/imagen2.html: -2
[2018-01-11 17:49:55] EDIT MIDEX_1/views/default/imagen2.html: -6
[2018-01-11 17:53:11] EDIT MIDEX_1/views/default/imagen2.html: -1
[2018-01-11 17:53:30] EDIT MIDEX_1/views/default/imagen2.html: 0
[2018-01-11 17:54:24] EDIT MIDEX_1/views/default/imagen2.html: 0
[2018-01-11 17:54:59] EDIT MIDEX_1/views/default/imagen2.html: 0
[2018-01-11 17:56:12] EDIT MIDEX_1/views/default/imagen2.html: 0
[2018-01-11 17:56:28] EDIT MIDEX_1/views/default/imagen2.html: -2
[2018-01-11 17:57:30] EDIT MIDEX_1/views/default/imagen2.html: -2
[2018-01-11 17:57:44] EDIT MIDEX_1/views/default/imagen2.html: 0
[2018-01-11 17:58:29] EDIT MIDEX_1/views/default/imagen2.html: -2
[2018-01-11 17:59:48] EDIT MIDEX_1/views/default/imagen2.html: 1
[2018-01-11 18:00:17] EDIT MIDEX_1/views/default/imagen2.html: 0
[2018-01-11 18:02:16] EDIT MIDEX_1/views/default/imagen2.html: 0
[2018-01-11 18:02:43] EDIT MIDEX_1/views/default/imagen2.html: 0
[2018-01-11 18:03:02] EDIT MIDEX_1/views/default/imagen2.html: 0
[2018-01-11 18:06:17] EDIT MIDEX_1/views/default/imagen2.html: 0
[2018-01-11 18:08:50] EDIT MIDEX_1/views/default/imagen2.html: 0
[2018-01-11 18:09:33] EDIT MIDEX_1/views/default/imagen2.html: 0
[2018-01-11 18:10:09] EDIT MIDEX_1/views/default/imagen2.html: 0
[2018-01-11 18:10:33] EDIT MIDEX_1/views/default/imagen2.html: 0
[2018-01-11 18:11:00] EDIT MIDEX_1/controllers/default.py: 0
[2018-01-11 18:11:29] EDIT MIDEX_1/controllers/default.py: 0
[2018-01-11 18:11:52] EDIT MIDEX_1/views/default/imagen2.html: 0
[2018-01-11 18:12:29] EDIT MIDEX_1/views/default/imagen2.html: 0
[2018-01-11 18:16:57] EDIT MIDEX_1/controllers/default.py: 1
[2018-01-11 18:21:01] EDIT MIDEX_1/controllers/default.py: 0
[2018-01-11 18:34:51] EDIT MIDEX_1/views/layout.html: 0
[2018-01-11 18:42:08] EDIT MIDEX_1/controllers/default.py: 0
[2018-01-11 18:43:16] EDIT MIDEX_1/controllers/default.py: 0
[2018-01-11 18:43:44] EDIT MIDEX_1/controllers/default.py: 0
[2018-01-11 18:45:46] EDIT MIDEX_1/controllers/default.py: 0
[2018-01-11 18:45:47] EDIT MIDEX_1/controllers/default.py: 0
[2018-01-11 18:45:48] EDIT MIDEX_1/controllers/default.py: 0
[2018-02-09 19:11:26] EDIT MIDEX_1/controllers/default.py: 0
[2018-02-09 19:12:30] EDIT MIDEX_1/views/default/despacho.html: 0
[2018-02-09 19:19:39] EDIT MIDEX_1/static/css/web2py.css: 0
[2018-02-09 19:19:54] EDIT MIDEX_1/static/css/web2py.css: 0
[2018-02-26 14:29:17] EDIT MIDEX_1/views/default/imagen2.html: -3
[2018-02-26 14:33:24] EDIT MIDEX_1/controllers/default.py: 0
[2018-02-26 14:34:03] EDIT MIDEX_1/controllers/default.py: 0
[2018-02-26 14:34:44] EDIT MIDEX_1/controllers/default.py: 0
[2018-02-26 14:34:45] EDIT MIDEX_1/controllers/default.py: 0
[2018-02-26 14:36:01] EDIT MIDEX_1/controllers/default.py: 0
[2018-02-26 14:36:35] EDIT MIDEX_1/controllers/default.py: -4
[2018-02-26 14:36:51] EDIT MIDEX_1/controllers/default.py: 0
[2018-02-26 14:36:52] EDIT MIDEX_1/controllers/default.py: 0
[2018-02-26 14:36:52] EDIT MIDEX_1/controllers/default.py: 0
[2018-02-26 14:39:02] EDIT MIDEX_1/controllers/default.py: 0
[2018-02-26 14:40:31] EDIT MIDEX_1/controllers/default.py: 6
[2018-02-26 14:40:36] EDIT MIDEX_1/controllers/default.py: 0
[2018-02-26 14:42:26] EDIT MIDEX_1/views/default/despacho.html: 0
[2018-02-26 14:44:13] EDIT MIDEX_1/controllers/default.py: 0
[2018-02-26 14:44:46] EDIT MIDEX_1/controllers/default.py: 0
[2018-02-26 14:45:04] EDIT MIDEX_1/views/default/despacho.html: 0
[2018-02-26 14:45:37] EDIT MIDEX_1/views/default/despacho.html: 0
[2018-02-26 14:50:38] EDIT MIDEX_1/views/layout.html: 0
[2018-02-26 14:54:51] DELETE MIDEX_1/static/css/web2py-bootstrap4.css: -306
[2018-02-26 14:55:19] DELETE MIDEX_1/static/css/web2py-bootstrap4.css.bak: -306
[2018-02-26 15:14:22] EDIT MIDEX_1/static/css/web2py.css: 0
[2018-02-26 15:19:18] EDIT MIDEX_1/views/default/despacho.html: 7
[2018-02-26 15:20:08] EDIT MIDEX_1/views/default/despacho.html: 0
[2018-02-26 15:20:26] EDIT MIDEX_1/views/default/despacho.html: 0
[2018-02-26 15:20:47] EDIT MIDEX_1/views/default/despacho.html: 0
[2018-02-26 15:20:55] EDIT MIDEX_1/views/default/despacho.html: 0
[2018-02-26 15:21:49] EDIT MIDEX_1/views/default/despacho.html: 0
[2018-02-26 15:22:01] EDIT MIDEX_1/views/default/despacho.html: 0
[2018-02-26 15:22:57] EDIT MIDEX_1/views/default/despacho.html: -4
[2018-02-26 15:46:50] EDIT MIDEX_1/views/default/despacho.html: -1
[2018-02-26 15:47:39] EDIT MIDEX_1/views/default/despacho.html: 0
[2018-02-26 16:06:27] EDIT MIDEX_1/controllers/default.py: 0
[2018-02-26 16:08:45] EDIT MIDEX_1/controllers/default.py: 0
[2018-02-26 16:09:31] EDIT MIDEX_1/controllers/default.py: 0
[2018-02-26 16:10:35] EDIT MIDEX_1/controllers/default.py: 0
[2018-02-26 17:16:33] EDIT MIDEX_1/static/css/web2py.css: 0
[2018-02-26 17:29:46] EDIT MIDEX_1/static/css/web2py.css: 0
[2018-02-26 17:42:56] EDIT MIDEX_1/static/css/web2py.css: 0
[2018-02-26 17:43:10] EDIT MIDEX_1/static/css/web2py.css: 0
[2018-02-26 17:48:27] EDIT MIDEX_1/static/css/web2py.css: 0
[2018-02-26 18:19:47] EDIT MIDEX_1/views/layout.html: 0
[2018-02-26 18:20:33] EDIT MIDEX_1/views/layout.html: 0
[2018-02-26 18:47:41] EDIT MIDEX_1/views/layout.html: 0
[2018-02-26 18:49:31] EDIT MIDEX_1/views/default/imagen.html: -9
[2018-02-26 18:50:15] EDIT MIDEX_1/views/default/imagen.html: 0
[2018-02-26 18:50:46] EDIT MIDEX_1/views/default/imagen.html: 0
[2018-02-26 18:52:41] EDIT MIDEX_1/views/default/despacho.html: 0
[2018-02-26 18:53:58] EDIT MIDEX_1/views/default/despacho.html: 0
[2018-02-26 18:54:24] EDIT MIDEX_1/views/default/despacho.html: 0
[2018-02-26 18:55:02] EDIT MIDEX_1/controllers/default.py: 0
[2018-02-26 18:55:17] EDIT MIDEX_1/controllers/default.py: 0
[2018-02-26 18:57:46] EDIT MIDEX_1/controllers/default.py: 0
[2018-02-26 18:58:17] EDIT MIDEX_1/controllers/default.py: 0
[2018-02-26 19:10:22] EDIT MIDEX_1/controllers/default.py: 0
[2018-02-26 19:13:48] EDIT MIDEX_1/controllers/default.py: 0
[2018-02-26 19:14:32] EDIT MIDEX_1/controllers/default.py: 0
[2018-02-26 19:14:34] EDIT MIDEX_1/controllers/default.py: 0
[2018-02-26 19:20:00] EDIT MIDEX_1/controllers/default.py: 0
[2018-02-26 19:24:06] EDIT MIDEX_1/controllers/default.py: 0
[2018-02-26 19:24:37] EDIT MIDEX_1/controllers/default.py: 0
[2018-02-26 19:25:33] EDIT MIDEX_1/controllers/default.py: 0
[2018-02-26 19:26:22] EDIT MIDEX_1/controllers/default.py: 0
[2018-02-26 19:27:10] EDIT MIDEX_1/controllers/default.py: 0
[2018-02-26 19:28:13] EDIT MIDEX_1/controllers/default.py: 1
[2018-02-26 19:34:18] EDIT MIDEX_1/controllers/default.py: 1
[2018-02-26 19:35:01] EDIT MIDEX_1/controllers/default.py: 0
[2018-02-26 19:35:04] EDIT MIDEX_1/controllers/default.py: 0
[2018-02-26 19:37:25] EDIT MIDEX_1/controllers/default.py: 0
[2018-02-26 19:37:46] EDIT MIDEX_1/controllers/default.py: 0
[2018-02-26 19:38:38] EDIT MIDEX_1/controllers/default.py: 0
[2018-02-26 19:39:27] EDIT MIDEX_1/controllers/default.py: 1
[2018-02-26 19:41:54] EDIT MIDEX_1/controllers/default.py: -1
[2018-02-26 19:41:56] EDIT MIDEX_1/controllers/default.py: 0
[2018-02-26 19:42:31] EDIT MIDEX_1/controllers/default.py: 0
[2018-02-26 19:51:24] EDIT MIDEX_1/controllers/default.py: 2
[2018-02-26 19:54:50] EDIT MIDEX_1/controllers/default.py: 0
[2018-02-26 19:55:23] EDIT MIDEX_1/controllers/default.py: 1
[2018-02-26 19:55:31] EDIT MIDEX_1/controllers/default.py: 0
[2018-02-26 19:56:00] EDIT MIDEX_1/controllers/default.py: -1
[2018-02-26 19:56:34] EDIT MIDEX_1/controllers/default.py: 0
[2018-02-26 20:01:33] EDIT MIDEX_1/controllers/default.py: -2
[2018-02-26 20:03:09] EDIT MIDEX_1/views/default/imagen.html: 2
[2018-02-26 20:03:56] EDIT MIDEX_1/views/default/imagen.html: 0
[2018-02-26 20:04:26] EDIT MIDEX_1/controllers/default.py: 0
[2018-02-26 20:06:39] EDIT MIDEX_1/controllers/default.py: 0
[2018-02-26 20:07:23] EDIT MIDEX_1/views/default/imagen.html: -1
[2018-02-26 20:09:23] EDIT MIDEX_1/views/default/imagen.html: 0
[2018-02-26 20:10:21] EDIT MIDEX_1/views/default/imagen.html: -1
[2018-02-26 20:12:07] EDIT MIDEX_1/views/default/imagen.html: 1
[2018-02-26 20:12:36] EDIT MIDEX_1/views/default/imagen.html: 0
[2018-02-26 20:15:41] EDIT MIDEX_1/views/default/imagen.html: 1
[2018-02-26 20:16:12] EDIT MIDEX_1/controllers/default.py: 0
[2018-02-26 20:35:24] EDIT MIDEX_1/views/default/imagen.html: 2
[2018-02-26 20:38:32] EDIT MIDEX_1/views/default/imagen.html: 0
[2018-02-26 20:38:46] EDIT MIDEX_1/views/default/imagen.html: 0
[2018-02-26 20:41:03] EDIT MIDEX_1/views/default/imagen.html: 3
[2018-02-26 20:42:34] EDIT MIDEX_1/views/default/imagen.html: 0
[2018-02-26 20:43:13] EDIT MIDEX_1/views/default/imagen.html: 0
[2018-02-26 20:45:15] EDIT MIDEX_1/views/default/imagen.html: 0
[2018-02-26 20:46:13] EDIT MIDEX_1/views/default/imagen.html: 3
[2018-02-26 20:46:33] EDIT MIDEX_1/views/default/imagen.html: 0
[2018-02-26 20:46:59] EDIT MIDEX_1/views/default/imagen.html: 0
[2018-02-26 20:48:02] EDIT MIDEX_1/views/default/imagen.html: 10
[2018-02-26 20:48:46] EDIT MIDEX_1/views/default/imagen.html: 39
[2018-02-26 20:49:39] EDIT MIDEX_1/views/default/imagen.html: -17
[2018-02-26 20:50:48] EDIT MIDEX_1/views/default/imagen.html: -24
[2018-02-26 20:51:31] EDIT MIDEX_1/views/default/imagen.html: 10
[2018-02-26 20:56:22] EDIT MIDEX_1/views/default/imagen.html: -3
[2018-02-26 20:57:06] EDIT MIDEX_1/views/default/imagen.html: 1
[2018-02-26 21:00:52] EDIT MIDEX_1/controllers/default.py: 16
[2018-02-26 21:02:46] EDIT MIDEX_1/controllers/default.py: -1
[2018-02-26 21:03:19] EDIT MIDEX_1/views/default/imagen.html: 1
[2018-02-26 21:04:59] EDIT MIDEX_1/views/default/imagen.html: 0
[2018-02-26 21:05:21] EDIT MIDEX_1/views/default/imagen.html: 0
[2018-02-27 08:44:45] EDIT MIDEX_1/views/default/imagen.html: 0
[2018-02-27 08:46:05] EDIT MIDEX_1/views/default/imagen.html: 0
[2018-02-27 08:46:45] EDIT MIDEX_1/views/default/imagen.html: 1
[2018-02-27 08:46:48] EDIT MIDEX_1/views/default/imagen.html: 0
[2018-02-27 08:47:33] EDIT MIDEX_1/views/default/imagen.html: 0
[2018-02-27 08:48:31] EDIT MIDEX_1/views/default/imagen.html: 0
[2018-02-27 08:50:22] EDIT MIDEX_1/views/default/imagen.html: 3
[2018-02-27 08:50:51] EDIT MIDEX_1/views/default/imagen.html: 0
[2018-02-27 08:52:57] EDIT MIDEX_1/views/default/imagen.html: -3
[2018-02-27 08:57:41] EDIT MIDEX_1/views/default/imagen.html: 0
[2018-02-27 09:00:11] EDIT MIDEX_1/views/layout.html: 0
[2018-02-27 09:04:49] EDIT MIDEX_1/views/default/imagen.html: 3
[2018-02-27 09:06:00] EDIT MIDEX_1/views/default/imagen.html: 4
[2018-02-27 09:06:49] EDIT MIDEX_1/controllers/default.py: 0
[2018-02-27 09:07:26] EDIT MIDEX_1/controllers/default.py: 0
[2018-02-27 09:47:09] EDIT MIDEX_1/views/default/imagen.html: 6
[2018-02-27 09:48:11] EDIT MIDEX_1/views/default/imagen.html: -6
[2018-02-27 10:06:22] EDIT MIDEX_1/controllers/default.py: 18
[2018-02-27 10:06:38] EDIT MIDEX_1/views/default/imagen.html: 0
[2018-02-27 10:09:04] EDIT MIDEX_1/controllers/default.py: 0
[2018-02-27 10:10:20] EDIT MIDEX_1/controllers/default.py: 0
[2018-02-27 10:10:45] EDIT MIDEX_1/controllers/default.py: 0
[2018-02-27 10:11:21] EDIT MIDEX_1/controllers/default.py: 0
[2018-02-27 10:13:17] EDIT MIDEX_1/controllers/default.py: 0
[2018-02-27 10:15:01] EDIT MIDEX_1/controllers/default.py: 0
[2018-02-27 10:16:00] EDIT MIDEX_1/controllers/default.py: 0
[2018-02-27 10:16:04] EDIT MIDEX_1/controllers/default.py: 0
[2018-02-27 10:17:26] EDIT MIDEX_1/controllers/default.py: 0
[2018-02-27 10:17:31] EDIT MIDEX_1/controllers/default.py: 0
[2018-02-27 10:18:05] EDIT MIDEX_1/controllers/default.py: 0
[2018-02-27 10:19:21] EDIT MIDEX_1/controllers/default.py: 0
[2018-02-27 10:19:25] EDIT MIDEX_1/controllers/default.py: 0
[2018-02-27 10:25:17] EDIT MIDEX_1/controllers/default.py: 2
[2018-02-27 10:28:26] EDIT MIDEX_1/controllers/default.py: 3
[2018-02-27 10:31:01] EDIT MIDEX_1/views/default/imagen.html: 0
[2018-02-27 10:34:01] EDIT MIDEX_1/private/appconfig.ini: 0
[2018-02-27 10:38:01] EDIT MIDEX_1/views/default/imagen.html: 1
[2018-02-27 10:38:57] EDIT MIDEX_1/views/default/imagen.html: 0
[2018-02-27 10:41:05] EDIT MIDEX_1/views/default/imagen.html: 0
[2018-02-27 10:42:05] EDIT MIDEX_1/views/default/imagen.html: 0
[2018-02-27 10:45:40] EDIT MIDEX_1/controllers/default.py: 0
[2018-02-27 10:47:17] EDIT MIDEX_1/controllers/default.py: 0
[2018-02-27 10:51:47] EDIT MIDEX_1/controllers/default.py: 4
[2018-02-27 10:52:33] EDIT MIDEX_1/controllers/default.py: 0
[2018-02-27 11:00:00] EDIT MIDEX_1/controllers/default.py: 0
[2018-02-27 11:00:03] EDIT MIDEX_1/controllers/default.py: 0
[2018-02-27 11:01:33] EDIT MIDEX_1/controllers/default.py: 0
[2018-02-27 11:02:14] EDIT MIDEX_1/controllers/default.py: 0
[2018-02-27 11:09:56] EDIT MIDEX_1/controllers/default.py: 0
[2018-02-27 11:11:38] EDIT MIDEX_1/controllers/default.py: 0
[2018-02-27 11:11:41] EDIT MIDEX_1/controllers/default.py: 0
[2018-02-27 11:13:04] EDIT MIDEX_1/controllers/default.py: 1
[2018-02-27 11:21:48] EDIT MIDEX_1/controllers/default.py: 0
[2018-02-27 11:23:45] EDIT MIDEX_1/controllers/default.py: 0
[2018-02-27 11:24:56] EDIT MIDEX_1/controllers/default.py: 0
[2018-02-27 12:17:19] EDIT MIDEX_1/controllers/default.py: 0
[2018-02-27 12:17:33] EDIT MIDEX_1/controllers/default.py: 0
[2018-02-27 12:18:16] EDIT MIDEX_1/controllers/default.py: 0
[2018-02-27 12:55:03] EDIT MIDEX_1/controllers/default.py: 0
[2018-02-27 12:57:59] EDIT MIDEX_1/controllers/default.py: 0
[2018-02-27 12:59:57] EDIT MIDEX_1/controllers/default.py: 0
[2018-02-27 13:01:09] EDIT MIDEX_1/controllers/default.py: 0
[2018-02-27 13:01:18] EDIT MIDEX_1/controllers/default.py: 0
[2018-02-27 13:02:19] EDIT MIDEX_1/controllers/default.py: 0
[2018-02-27 13:02:30] EDIT MIDEX_1/controllers/default.py: 0
[2018-02-27 13:03:11] EDIT MIDEX_1/controllers/default.py: 0
[2018-02-27 13:04:55] EDIT MIDEX_1/models/db_dato.py: 0
[2018-02-27 13:06:01] EDIT MIDEX_1/controllers/default.py: 0
[2018-02-27 13:54:12] EDIT MIDEX_1/controllers/default.py: 1
[2018-02-27 13:56:54] EDIT MIDEX_1/controllers/default.py: 0
[2018-02-27 13:58:21] EDIT MIDEX_1/controllers/default.py: 0
[2018-02-27 14:00:51] EDIT MIDEX_1/controllers/default.py: 0
[2018-02-27 14:36:23] EDIT MIDEX_1/controllers/default.py: 0
[2018-02-27 14:44:19] EDIT MIDEX_1/models/db_dato.py: 13
[2018-02-27 14:44:43] EDIT MIDEX_1/models/db_dato.py: 0
[2018-02-27 14:45:29] EDIT MIDEX_1/models/db_dato.py: 0
[2018-02-27 14:46:35] EDIT MIDEX_1/models/db_dato.py: 6
[2018-02-27 14:47:17] EDIT MIDEX_1/models/db_dato.py: -1
[2018-02-27 14:48:33] EDIT MIDEX_1/models/db_dato.py: 2
[2018-02-27 14:48:39] EDIT MIDEX_1/models/db_dato.py: 0
[2018-02-27 14:49:14] EDIT MIDEX_1/models/db_dato.py: 0
[2018-02-27 14:49:16] EDIT MIDEX_1/models/db_dato.py: 0
[2018-02-27 14:49:30] EDIT MIDEX_1/models/db_dato.py: -19
[2018-02-27 14:49:46] EDIT MIDEX_1/models/db_dato.py: 19
[2018-02-27 14:50:14] EDIT MIDEX_1/models/db_dato.py: 0
[2018-02-27 14:50:40] EDIT MIDEX_1/models/db_dato.py: -19
[2018-02-27 14:51:02] CREATE db_vistas.py: 0
[2018-02-27 14:51:10] EDIT MIDEX_1/models/db_vistas.py: 19
[2018-02-27 14:51:19] EDIT MIDEX_1/models/db_vistas.py: 0
[2018-02-27 14:52:06] EDIT MIDEX_1/models/db_vistas.py: 2
[2018-02-27 14:53:07] EDIT MIDEX_1/models/db_vistas.py: 0
[2018-02-27 14:57:03] EDIT MIDEX_1/controllers/default.py: 1
[2018-02-27 14:57:37] EDIT MIDEX_1/controllers/default.py: 0
[2018-02-27 14:58:13] EDIT MIDEX_1/controllers/default.py: 0
[2018-03-01 09:39:00] EDIT MIDEX_1/views/default/imagen.html: 1
[2018-03-01 09:45:40] EDIT MIDEX_1/views/default/imagen.html: 0
[2018-03-01 09:46:16] EDIT MIDEX_1/views/default/imagen.html: 0
[2018-03-01 09:47:55] EDIT MIDEX_1/views/default/imagen.html: 2
[2018-03-01 09:51:06] EDIT MIDEX_1/views/default/imagen.html: 0
[2018-03-01 10:00:39] EDIT MIDEX_1/views/default/imagen.html: -2
[2018-03-01 10:02:00] EDIT MIDEX_1/views/default/imagen.html: 1
[2018-03-01 10:03:18] EDIT MIDEX_1/views/default/imagen.html: -2
[2018-03-01 10:11:59] EDIT MIDEX_1/views/default/imagen.html: 3
[2018-03-01 10:31:02] EDIT MIDEX_1/views/default/imagen.html: -3
[2018-03-01 10:32:15] EDIT MIDEX_1/views/default/imagen.html: 1
[2018-03-01 10:32:51] EDIT MIDEX_1/views/default/imagen.html: 0
[2018-03-01 10:33:17] EDIT MIDEX_1/views/default/imagen.html: 0
[2018-03-01 10:35:37] EDIT MIDEX_1/views/default/imagen.html: 1
[2018-03-01 10:35:58] EDIT MIDEX_1/views/default/imagen.html: -1
[2018-03-01 10:36:38] EDIT MIDEX_1/views/default/imagen.html: 0
[2018-03-01 10:37:17] EDIT MIDEX_1/views/default/imagen.html: 0
[2018-03-01 10:38:41] EDIT MIDEX_1/views/default/imagen.html: -1
[2018-03-01 10:39:12] EDIT MIDEX_1/views/default/imagen.html: 0
[2018-03-01 10:39:56] EDIT MIDEX_1/views/default/imagen.html: 1
[2018-03-01 10:40:18] EDIT MIDEX_1/views/default/imagen.html: 0
[2018-03-01 10:40:42] EDIT MIDEX_1/views/default/imagen.html: -1
[2018-03-01 10:41:10] EDIT MIDEX_1/views/default/imagen.html: 1
[2018-03-01 10:41:25] EDIT MIDEX_1/views/default/imagen.html: 0
[2018-03-01 10:42:18] EDIT MIDEX_1/views/default/imagen.html: 0
[2018-03-01 10:42:59] EDIT MIDEX_1/views/default/imagen.html: 0
[2018-03-01 20:15:56] EDIT MIDEX_1/views/default/imagen.html: 1
[2018-03-01 20:16:39] EDIT MIDEX_1/views/default/imagen.html: 0
[2018-03-01 20:21:37] EDIT MIDEX_1/views/default/imagen.html: 0
[2018-03-01 20:21:47] EDIT MIDEX_1/views/default/imagen.html: 1
[2018-03-01 20:22:12] EDIT MIDEX_1/views/default/imagen.html: 0
[2018-03-01 20:23:11] EDIT MIDEX_1/views/default/imagen.html: 0
[2018-03-02 14:07:29] EDIT MIDEX_1/controllers/default.py: 4
[2018-03-02 14:08:33] EDIT MIDEX_1/controllers/default.py: 0
[2018-03-02 14:09:53] EDIT MIDEX_1/controllers/default.py: 0
[2018-03-02 14:10:42] EDIT MIDEX_1/controllers/default.py: 0
[2018-03-02 14:12:18] EDIT MIDEX_1/controllers/default.py: 0
[2018-03-02 14:12:46] EDIT MIDEX_1/controllers/default.py: 0
[2018-03-02 14:12:49] EDIT MIDEX_1/controllers/default.py: 0
[2018-03-02 14:16:53] EDIT MIDEX_1/controllers/default.py: 0
[2018-03-02 14:17:33] EDIT MIDEX_1/controllers/default.py: 1
[2018-03-02 14:20:45] EDIT MIDEX_1/controllers/default.py: 0
[2018-03-02 14:21:10] EDIT MIDEX_1/controllers/default.py: 0
[2018-03-02 14:26:23] EDIT MIDEX_1/controllers/default.py: 0
[2018-03-02 14:27:26] EDIT MIDEX_1/controllers/default.py: -1
[2018-03-02 14:30:40] EDIT MIDEX_1/controllers/default.py: 0
[2018-03-02 14:31:32] EDIT MIDEX_1/controllers/default.py: 1
[2018-03-02 14:36:14] EDIT MIDEX_1/controllers/default.py: 0
[2018-03-02 14:38:13] EDIT MIDEX_1/controllers/default.py: -1
[2018-03-02 14:40:04] EDIT MIDEX_1/controllers/default.py: 0
[2018-03-02 14:40:40] EDIT MIDEX_1/controllers/default.py: 0
[2018-03-02 14:41:22] EDIT MIDEX_1/controllers/default.py: 0
[2018-03-02 14:44:19] EDIT MIDEX_1/controllers/default.py: 1
[2018-03-02 14:46:59] EDIT MIDEX_1/controllers/default.py: 0
[2018-03-02 14:47:13] EDIT MIDEX_1/controllers/default.py: 0
[2018-03-02 14:57:23] EDIT MIDEX_1/views/default/imagen.html: 2
[2018-03-02 14:57:43] EDIT MIDEX_1/views/default/imagen.html: 1
[2018-03-02 14:58:28] EDIT MIDEX_1/controllers/default.py: -1
[2018-03-02 14:59:39] EDIT MIDEX_1/controllers/default.py: -1
[2018-03-02 15:00:02] EDIT MIDEX_1/controllers/default.py: 0
[2018-03-02 15:00:39] EDIT MIDEX_1/controllers/default.py: 0
[2018-03-02 15:01:23] EDIT MIDEX_1/controllers/default.py: 0
[2018-03-02 15:02:18] EDIT MIDEX_1/controllers/default.py: 0
[2018-03-02 15:02:40] EDIT MIDEX_1/controllers/default.py: 0
[2018-03-02 15:03:35] EDIT MIDEX_1/controllers/default.py: 0
[2018-03-02 15:05:56] EDIT MIDEX_1/controllers/default.py: 0
[2018-03-02 15:08:30] EDIT MIDEX_1/controllers/default.py: 0
[2018-03-02 15:11:15] EDIT MIDEX_1/controllers/default.py: 0
[2018-03-02 15:11:16] EDIT MIDEX_1/controllers/default.py: 0
[2018-03-02 15:15:20] EDIT MIDEX_1/controllers/default.py: 0
[2018-03-02 15:16:07] EDIT MIDEX_1/views/default/imagen.html: 0
[2018-03-02 15:17:38] EDIT MIDEX_1/views/default/imagen.html: 0
[2018-03-02 15:18:00] EDIT MIDEX_1/views/default/imagen.html: -5
[2018-03-02 15:18:58] EDIT MIDEX_1/views/default/imagen.html: -3
[2018-03-02 15:19:49] EDIT MIDEX_1/views/default/imagen.html: 1
[2018-03-02 15:24:22] EDIT MIDEX_1/views/default/imagen.html: 8
[2018-03-02 15:25:07] EDIT MIDEX_1/views/default/imagen.html: 2
[2018-03-02 15:25:38] EDIT MIDEX_1/views/default/imagen.html: 0
[2018-03-02 15:26:39] EDIT MIDEX_1/views/default/imagen.html: 0
[2018-03-02 15:27:14] EDIT MIDEX_1/views/default/imagen.html: 0
[2018-03-02 15:27:43] EDIT MIDEX_1/views/default/imagen.html: 0
[2018-03-02 15:28:08] EDIT MIDEX_1/views/default/imagen.html: 0
[2018-03-02 15:28:33] EDIT MIDEX_1/views/default/imagen.html: 0
[2018-03-02 15:29:09] EDIT MIDEX_1/views/default/imagen.html: 1
[2018-03-02 15:29:47] EDIT MIDEX_1/views/default/imagen.html: 0
[2018-03-02 15:30:02] EDIT MIDEX_1/views/default/imagen.html: 0
[2018-03-02 15:30:28] EDIT MIDEX_1/views/default/imagen.html: 0
[2018-03-02 15:31:14] EDIT MIDEX_1/views/default/imagen.html: -2
[2018-03-02 15:32:01] EDIT MIDEX_1/views/default/imagen.html: -9
[2018-03-02 15:32:06] EDIT MIDEX_1/views/default/imagen.html: 0
[2018-03-02 15:32:47] EDIT MIDEX_1/controllers/default.py: 0
[2018-03-02 15:33:56] EDIT MIDEX_1/views/default/imagen.html: 1
[2018-03-02 15:36:28] EDIT MIDEX_1/views/default/imagen.html: 4
[2018-03-02 15:37:10] EDIT MIDEX_1/views/default/imagen.html: -1
[2018-03-02 15:39:58] EDIT MIDEX_1/views/default/imagen.html: 1
[2018-03-02 15:40:34] EDIT MIDEX_1/views/default/imagen.html: 0
[2018-03-02 15:41:15] EDIT MIDEX_1/views/default/imagen.html: 0
[2018-03-02 18:49:06] EDIT MIDEX_1/views/default/imagen.html: 0
[2018-03-02 18:49:21] EDIT MIDEX_1/views/default/imagen.html: -2
[2018-03-02 18:49:30] EDIT MIDEX_1/views/default/imagen.html: 0
[2018-03-02 18:49:40] EDIT MIDEX_1/views/default/imagen.html: 0
[2018-03-02 18:50:20] EDIT MIDEX_1/views/default/imagen.html: 0
[2018-03-02 18:50:44] EDIT MIDEX_1/views/default/imagen.html: 0
[2018-03-02 18:53:31] EDIT MIDEX_1/controllers/default.py: 0
[2018-03-02 18:53:33] EDIT MIDEX_1/controllers/default.py: 0
[2018-03-02 18:54:17] EDIT MIDEX_1/views/default/imagen.html: -1
[2018-03-02 18:57:36] EDIT MIDEX_1/views/default/imagen.html: 0
[2018-03-02 18:57:56] EDIT MIDEX_1/views/default/imagen.html: -2
[2018-03-02 19:00:23] EDIT MIDEX_1/controllers/default.py: 0
[2018-03-02 19:00:36] EDIT MIDEX_1/controllers/default.py: 0
[2018-03-02 19:00:39] EDIT MIDEX_1/controllers/default.py: 0
[2018-03-02 19:01:35] EDIT MIDEX_1/controllers/default.py: 1
[2018-03-02 19:03:05] EDIT MIDEX_1/controllers/default.py: 1
[2018-03-02 19:03:26] EDIT MIDEX_1/controllers/default.py: 0
[2018-03-02 19:05:22] EDIT MIDEX_1/controllers/default.py: 0
[2018-03-02 19:06:24] EDIT MIDEX_1/controllers/default.py: 0
[2018-03-02 19:06:27] EDIT MIDEX_1/controllers/default.py: 0
[2018-03-02 19:08:33] EDIT MIDEX_1/controllers/default.py: 0
[2018-03-02 19:10:56] EDIT MIDEX_1/controllers/default.py: 0
[2018-03-02 19:11:22] EDIT MIDEX_1/controllers/default.py: 0
[2018-03-02 19:12:03] EDIT MIDEX_1/controllers/default.py: 0
[2018-03-02 19:12:19] EDIT MIDEX_1/controllers/default.py: 0
[2018-03-02 19:13:17] EDIT MIDEX_1/controllers/default.py: 0
[2018-03-02 19:14:36] EDIT MIDEX_1/controllers/default.py: 1
[2018-03-02 19:14:39] EDIT MIDEX_1/controllers/default.py: 0
[2018-03-02 19:15:18] EDIT MIDEX_1/controllers/default.py: 0
[2018-03-02 19:15:45] EDIT MIDEX_1/controllers/default.py: 0
[2018-03-02 19:20:34] EDIT MIDEX_1/controllers/default.py: 0
[2018-03-02 19:20:35] EDIT MIDEX_1/controllers/default.py: 0
[2018-03-02 19:21:22] EDIT MIDEX_1/controllers/default.py: 0
[2018-03-02 19:22:21] EDIT MIDEX_1/controllers/default.py: 0
[2018-03-02 19:25:13] EDIT MIDEX_1/controllers/default.py: 0
[2018-03-02 19:25:38] EDIT MIDEX_1/controllers/default.py: 0
[2018-03-02 19:29:30] EDIT MIDEX_1/controllers/default.py: 1
[2018-03-02 19:30:27] EDIT MIDEX_1/controllers/default.py: 0
[2018-03-02 19:30:59] EDIT MIDEX_1/controllers/default.py: 0
[2018-03-02 19:31:31] EDIT MIDEX_1/controllers/default.py: 0
[2018-03-02 19:45:55] EDIT MIDEX_1/views/default/imagen.html: 2
[2018-03-02 20:13:02] EDIT MIDEX_1/controllers/default.py: 1
[2018-03-02 20:13:18] EDIT MIDEX_1/controllers/default.py: 0
[2018-03-02 20:14:31] EDIT MIDEX_1/controllers/default.py: 0
[2018-03-02 20:14:39] EDIT MIDEX_1/controllers/default.py: 0
[2018-03-02 20:15:29] EDIT MIDEX_1/views/default/imagen.html: -2
[2018-03-02 20:18:11] EDIT MIDEX_1/views/default/imagen.html: 2
[2018-03-02 20:18:37] EDIT MIDEX_1/views/default/imagen.html: 0
[2018-03-02 20:20:27] EDIT MIDEX_1/views/default/imagen.html: 2
[2018-03-02 20:25:17] EDIT MIDEX_1/views/default/imagen.html: 36
[2018-03-02 20:33:22] EDIT MIDEX_1/views/default/imagen.html: 47
[2018-03-02 20:34:37] EDIT MIDEX_1/views/default/imagen.html: 2
[2018-03-02 20:34:53] EDIT MIDEX_1/views/default/imagen.html: 0
[2018-03-02 20:34:55] EDIT MIDEX_1/views/default/imagen.html: 0
[2018-03-02 20:35:51] EDIT MIDEX_1/views/default/imagen.html: 0
[2018-03-02 20:36:39] EDIT MIDEX_1/views/default/imagen.html: 1
[2018-03-02 20:37:41] EDIT MIDEX_1/views/default/imagen.html: 0
[2018-03-07 18:50:46] EDIT MIDEX_1/views/default/imagen.html: -51
[2018-03-07 18:58:12] EDIT MIDEX_1/controllers/default.py: -3
[2018-03-07 18:58:57] EDIT MIDEX_1/views/default/imagen.html: 12
[2018-03-07 18:59:34] EDIT MIDEX_1/views/default/imagen.html: 12
[2018-03-07 18:59:41] EDIT MIDEX_1/views/default/imagen.html: 0
[2018-03-07 19:00:54] EDIT MIDEX_1/views/default/imagen.html: 12
[2018-03-07 19:01:36] EDIT MIDEX_1/views/default/imagen.html: -12
[2018-03-07 19:09:38] EDIT MIDEX_1/controllers/default.py: 1
[2018-03-07 19:12:25] EDIT MIDEX_1/controllers/default.py: 0
[2018-03-07 19:12:58] EDIT MIDEX_1/controllers/default.py: 0
[2018-03-07 19:13:18] EDIT MIDEX_1/views/default/imagen.html: 0
[2018-03-07 19:16:38] EDIT MIDEX_1/views/default/imagen.html: -71
[2018-03-07 19:18:33] EDIT MIDEX_1/views/default/imagen.html: 1
[2018-03-07 19:18:59] EDIT MIDEX_1/controllers/default.py: 0
[2018-03-07 19:21:08] EDIT MIDEX_1/controllers/default.py: -11
[2018-03-07 19:21:30] EDIT MIDEX_1/controllers/default.py: -1
[2018-03-07 19:23:24] EDIT MIDEX_1/controllers/default.py: 0
[2018-03-07 19:24:39] EDIT MIDEX_1/controllers/default.py: 2
[2018-03-07 19:26:22] EDIT MIDEX_1/views/default/imagen.html: 71
[2018-03-07 19:26:36] EDIT MIDEX_1/views/default/imagen.html: 0
[2018-03-07 19:30:06] EDIT MIDEX_1/views/default/imagen.html: 0
[2018-03-07 19:32:11] EDIT MIDEX_1/views/default/imagen.html: 0
[2018-03-07 19:38:33] EDIT MIDEX_1/controllers/default.py: 3
[2018-03-07 19:39:38] EDIT MIDEX_1/controllers/default.py: 3
[2018-03-07 19:40:05] EDIT MIDEX_1/controllers/default.py: 0
[2018-03-07 19:40:52] EDIT MIDEX_1/controllers/default.py: 0
[2018-03-07 19:41:18] EDIT MIDEX_1/controllers/default.py: 0
[2018-03-07 19:42:03] EDIT MIDEX_1/controllers/default.py: 0
[2018-03-07 19:42:34] EDIT MIDEX_1/controllers/default.py: 0
[2018-03-07 19:43:21] EDIT MIDEX_1/controllers/default.py: 0
[2018-03-07 19:44:01] EDIT MIDEX_1/controllers/default.py: 0
[2018-03-07 19:45:45] EDIT MIDEX_1/controllers/default.py: 0
[2018-03-07 19:46:06] EDIT MIDEX_1/controllers/default.py: 0
[2018-03-07 19:47:17] EDIT MIDEX_1/controllers/default.py: 0
[2018-03-07 19:50:01] EDIT MIDEX_1/views/default/imagen.html: 24
[2018-03-07 19:55:21] EDIT MIDEX_1/views/default/imagen.html: 87
[2018-03-07 19:57:39] EDIT MIDEX_1/views/default/imagen.html: 0
[2018-03-07 20:09:17] EDIT MIDEX_1/views/default/imagen.html: 0
[2018-03-07 20:09:18] EDIT MIDEX_1/views/default/imagen.html: 0
[2018-03-07 20:11:58] EDIT MIDEX_1/views/default/imagen.html: 0
[2018-03-07 20:14:27] EDIT MIDEX_1/views/default/imagen.html: 0
[2018-05-10 15:11:17] EDIT MIDEX_1/controllers/default.py: 0
[2018-05-10 15:16:29] EDIT MIDEX_1/views/default/imagen.html: 3
[2018-05-10 15:17:01] EDIT MIDEX_1/views/default/imagen.html: -1
[2018-05-10 15:17:51] EDIT MIDEX_1/views/default/imagen.html: 0
[2018-05-10 15:19:04] EDIT MIDEX_1/controllers/default.py: 0
[2018-05-10 15:19:29] EDIT MIDEX_1/views/default/imagen.html: -1
[2018-05-10 15:19:57] EDIT MIDEX_1/views/default/imagen.html: 0
[2018-05-10 15:22:47] EDIT MIDEX_1/controllers/default.py: 1
[2018-05-10 15:23:57] EDIT MIDEX_1/controllers/default.py: 0
[2018-05-10 15:27:38] EDIT MIDEX_1/views/default/imagen.html: 0
[2018-05-10 15:30:22] EDIT MIDEX_1/controllers/default.py: 0
[2018-05-10 15:30:55] EDIT MIDEX_1/controllers/default.py: 0
[2018-05-10 15:30:57] EDIT MIDEX_1/controllers/default.py: 0
[2018-05-10 15:30:57] EDIT MIDEX_1/controllers/default.py: 0
[2018-05-10 15:31:40] EDIT MIDEX_1/controllers/default.py: 0
[2018-05-10 15:32:29] EDIT MIDEX_1/controllers/default.py: 0
[2018-05-10 15:33:54] EDIT MIDEX_1/controllers/default.py: 0
[2018-05-10 15:34:14] EDIT MIDEX_1/controllers/default.py: 0
[2018-05-10 15:36:21] EDIT MIDEX_1/controllers/default.py: 0
[2018-05-10 15:36:44] EDIT MIDEX_1/controllers/default.py: 0
[2018-05-10 15:37:06] EDIT MIDEX_1/controllers/default.py: 0
[2018-05-10 15:38:13] EDIT MIDEX_1/controllers/default.py: 0
[2018-05-10 15:38:49] EDIT MIDEX_1/controllers/default.py: 0
[2018-05-10 15:41:44] EDIT MIDEX_1/controllers/default.py: 0
[2018-05-10 15:42:35] EDIT MIDEX_1/controllers/default.py: 0
[2018-05-10 15:42:53] EDIT MIDEX_1/controllers/default.py: 0
[2018-05-10 15:43:57] EDIT MIDEX_1/views/default/imagen.html: 0
[2018-05-10 15:44:02] EDIT MIDEX_1/views/default/imagen.html: 0
[2018-05-10 15:45:56] EDIT MIDEX_1/controllers/default.py: 0
[2018-05-10 15:46:24] EDIT MIDEX_1/controllers/default.py: 0
[2018-05-10 15:47:13] EDIT MIDEX_1/views/default/imagen.html: 0
[2018-05-10 15:48:29] EDIT MIDEX_1/controllers/default.py: 0
[2018-05-10 15:49:54] EDIT MIDEX_1/controllers/default.py: 0
[2018-05-10 15:50:18] EDIT MIDEX_1/controllers/default.py: 0
[2018-05-10 15:50:45] EDIT MIDEX_1/controllers/default.py: 0
[2018-05-10 15:52:39] EDIT MIDEX_1/models/menu.py: -3
[2018-05-10 15:58:25] EDIT MIDEX_1/views/layout.html: 0
[2018-05-10 15:58:37] EDIT MIDEX_1/views/layout.html: 0
[2018-05-10 15:58:39] EDIT MIDEX_1/views/layout.html: 0
[2018-05-10 15:59:26] EDIT MIDEX_1/views/layout.html: 0
[2018-05-10 16:24:39] EDIT MIDEX_1/controllers/default.py: 1
[2018-05-10 16:25:12] EDIT MIDEX_1/controllers/default.py: 0
[2018-05-10 16:25:51] EDIT MIDEX_1/controllers/default.py: -1
[2018-05-10 16:35:28] EDIT MIDEX_1/views/default/imagen.html: 0
[2018-05-10 16:36:22] EDIT MIDEX_1/views/default/imagen.html: -2
[2018-05-10 16:36:24] EDIT MIDEX_1/views/default/imagen.html: 0
[2018-05-10 16:37:17] EDIT MIDEX_1/views/default/imagen.html: -5
[2018-05-10 16:39:48] EDIT MIDEX_1/views/default/imagen.html: -7
[2018-05-10 16:44:28] EDIT MIDEX_1/views/default/imagen.html: 0
[2018-05-10 16:51:04] EDIT MIDEX_1/views/layout.html: 3
[2018-05-10 16:52:30] EDIT MIDEX_1/views/layout.html: -1
[2018-05-10 16:53:44] EDIT MIDEX_1/views/layout.html: 0
[2018-05-10 16:55:31] EDIT MIDEX_1/views/layout.html: 0
[2018-05-10 16:56:42] EDIT MIDEX_1/views/layout.html: 0
[2018-05-10 17:07:44] EDIT MIDEX_1/models/menu.py: -3
[2018-05-10 17:09:00] EDIT MIDEX_1/views/default/imagen.html: 0
[2018-05-10 17:14:19] EDIT MIDEX_1/controllers/default.py: 0
[2018-05-10 17:25:48] EDIT MIDEX_1/controllers/default.py: -6
[2018-05-10 17:27:05] EDIT MIDEX_1/models/menu.py: 3
[2018-05-10 17:28:27] CREATE precio.html: 0
[2018-05-10 17:29:31] EDIT MIDEX_1/views/precio.html: 3
[2018-05-10 17:29:48] EDIT MIDEX_1/views/precio.html: 0
[2018-05-10 17:31:02] EDIT MIDEX_1/views/precio.html: -2
[2018-05-10 17:52:05] EDIT MIDEX_1/controllers/default.py: 1
[2018-05-10 17:53:35] EDIT MIDEX_1/controllers/default.py: 0
[2018-05-10 20:21:18] EDIT MIDEX_1/controllers/default.py: 0
[2018-05-10 20:21:58] EDIT MIDEX_1/controllers/default.py: 0
[2018-05-10 20:24:17] EDIT MIDEX_1/views/default/precio.html: 0
[2018-05-10 20:31:47] EDIT MIDEX_1/controllers/default.py: 0
[2018-05-10 20:33:59] EDIT MIDEX_1/controllers/default.py: 1
[2018-05-10 20:38:54] EDIT MIDEX_1/controllers/default.py: 0
[2018-05-10 20:40:14] EDIT MIDEX_1/views/appadmin.html: 0
[2018-05-10 20:49:00] EDIT MIDEX_1/views/default/user.html: -1
[2018-05-10 20:49:39] EDIT MIDEX_1/views/default/user.html: 0
[2018-05-10 21:04:27] EDIT MIDEX_1/views/default/user.html: -2
[2018-05-10 21:19:01] EDIT MIDEX_1/views/default/user.html: 1
[2018-05-10 21:19:43] EDIT MIDEX_1/views/default/user.html: 0
[2018-05-10 21:21:30] EDIT MIDEX_1/static/css/web2py.css: 2
[2018-05-10 21:26:35] EDIT MIDEX_1/static/css/web2py-bootstrap3.css: 4
[2018-05-11 10:14:29] EDIT MIDEX_1/private/appconfig.ini: 0
[2018-05-11 10:16:56] EDIT MIDEX_1/private/appconfig.ini: 0
[2018-05-11 10:17:30] EDIT MIDEX_1/controllers/default.py: 1
[2018-05-11 10:17:53] EDIT MIDEX_1/controllers/default.py: 0
[2018-05-11 10:20:36] EDIT MIDEX_1/models/db.py: 1
[2018-05-11 10:21:28] EDIT MIDEX_1/models/db.py: 0
[2018-05-11 10:51:54] EDIT MIDEX_1/controllers/default.py: 18
[2018-05-11 10:54:31] EDIT MIDEX_1/controllers/default.py: 0
[2018-05-11 10:55:16] EDIT MIDEX_1/controllers/default.py: 0
[2018-05-11 11:03:37] EDIT MIDEX_1/controllers/default.py: 0
[2018-05-11 11:09:53] EDIT MIDEX_1/controllers/default.py: 0
[2018-05-11 11:21:12] EDIT MIDEX_1/controllers/default.py: 0
[2018-05-11 11:22:56] EDIT MIDEX_1/controllers/default.py: 0
[2018-05-11 11:23:39] EDIT MIDEX_1/controllers/default.py: 0
[2018-05-11 11:26:21] EDIT MIDEX_1/controllers/default.py: 0
[2018-05-11 11:30:36] EDIT MIDEX_1/controllers/default.py: 1
[2018-05-11 11:30:37] EDIT MIDEX_1/controllers/default.py: 0
[2018-05-11 11:37:03] EDIT MIDEX_1/controllers/default.py: 1
[2018-05-11 11:37:14] EDIT MIDEX_1/controllers/default.py: 0
[2018-05-11 11:38:07] EDIT MIDEX_1/controllers/default.py: 0
[2018-05-11 11:38:56] EDIT MIDEX_1/controllers/default.py: 0
[2018-05-11 11:41:28] EDIT MIDEX_1/controllers/default.py: 1
[2018-05-11 11:41:59] EDIT MIDEX_1/controllers/default.py: 0
[2018-05-11 11:52:21] EDIT MIDEX_1/controllers/default.py: 0
[2018-05-11 11:52:51] EDIT MIDEX_1/controllers/default.py: 0
[2018-05-11 11:54:09] EDIT MIDEX_1/controllers/default.py: 0
[2018-05-11 11:54:23] EDIT MIDEX_1/controllers/default.py: 0
[2018-05-11 11:54:36] EDIT MIDEX_1/private/appconfig.ini: 0
[2018-05-11 11:55:05] EDIT MIDEX_1/controllers/default.py: 0
[2018-05-11 11:57:39] EDIT MIDEX_1/models/db_vistas.py: 10
[2018-05-11 11:59:53] EDIT MIDEX_1/controllers/default.py: 0
[2018-05-11 12:01:02] EDIT MIDEX_1/models/db_vistas.py: 0
[2018-05-11 12:03:45] EDIT MIDEX_1/models/db_vistas.py: 0
[2018-05-11 12:05:38] EDIT MIDEX_1/controllers/default.py: 0
[2018-05-11 12:08:26] EDIT MIDEX_1/models/db_vistas.py: 0
[2018-05-11 12:08:54] EDIT MIDEX_1/models/db_vistas.py: 0
[2018-05-11 12:14:43] EDIT MIDEX_1/controllers/default.py: 0
[2018-05-11 12:15:24] EDIT MIDEX_1/models/db_vistas.py: 0
[2018-05-11 12:16:38] EDIT MIDEX_1/models/db_vistas.py: 0
[2018-05-11 12:17:48] EDIT MIDEX_1/controllers/default.py: -2
[2018-05-11 12:20:13] EDIT MIDEX_1/controllers/default.py: 0
[2018-05-11 12:20:33] EDIT MIDEX_1/controllers/default.py: 0
[2018-05-11 12:26:50] EDIT MIDEX_1/controllers/default.py: 0
[2018-05-11 12:31:27] EDIT MIDEX_1/controllers/default.py: -1
[2018-05-11 12:48:18] EDIT MIDEX_1/static/css/web2py.css: 2
[2018-05-11 12:56:53] EDIT MIDEX_1/views/default/precio.html: 0
[2018-05-11 12:57:32] EDIT MIDEX_1/views/default/precio.html: -2
[2018-05-11 13:21:39] EDIT MIDEX_1/controllers/default.py: 2
[2018-05-11 19:31:27] EDIT MIDEX_1/views/default/precio.html: 0
[2018-05-11 19:31:48] EDIT MIDEX_1/views/default/precio.html: 0
[2018-05-11 19:33:30] EDIT MIDEX_1/views/default/precio.html: 0
[2018-05-11 19:33:49] EDIT MIDEX_1/views/default/precio.html: 0
[2018-05-11 19:34:08] EDIT MIDEX_1/views/default/precio.html: 0
[2018-05-11 19:34:30] EDIT MIDEX_1/views/default/precio.html: 0
[2018-05-11 19:34:57] EDIT MIDEX_1/views/default/precio.html: 0
[2018-05-11 19:38:35] EDIT MIDEX_1/views/default/precio.html: 0
[2018-05-11 19:40:31] EDIT MIDEX_1/controllers/default.py: 5
[2018-05-11 19:40:57] EDIT MIDEX_1/controllers/default.py: 0
[2018-05-11 19:40:58] EDIT MIDEX_1/controllers/default.py: 0
[2018-05-11 19:41:05] EDIT MIDEX_1/controllers/default.py: 0
[2018-05-11 19:42:46] EDIT MIDEX_1/controllers/default.py: 4
[2018-05-11 19:45:04] EDIT MIDEX_1/controllers/default.py: 2
[2018-05-11 19:47:01] EDIT MIDEX_1/controllers/default.py: 0
[2018-05-11 19:47:35] EDIT MIDEX_1/controllers/default.py: 0
[2018-05-11 19:52:03] EDIT MIDEX_1/controllers/default.py: 2
[2018-05-11 20:02:11] EDIT MIDEX_1/models/db_dato.py: 0
[2018-05-11 20:02:35] EDIT MIDEX_1/models/db_dato.py: 0
[2018-05-11 20:19:31] EDIT MIDEX_1/models/db_dato.py: 0
[2018-05-11 20:19:35] EDIT MIDEX_1/models/db_dato.py: 0
[2018-05-11 20:21:29] EDIT MIDEX_1/controllers/default.py: 0
[2018-05-11 20:24:48] EDIT MIDEX_1/controllers/default.py: 0
[2018-05-11 20:25:55] EDIT MIDEX_1/controllers/default.py: 0
[2018-05-11 20:28:07] EDIT MIDEX_1/models/db_dato.py: 0
[2018-05-11 20:30:34] EDIT MIDEX_1/controllers/default.py: 1
[2018-05-11 20:31:11] EDIT MIDEX_1/controllers/default.py: 0
[2018-05-11 20:31:12] EDIT MIDEX_1/controllers/default.py: 0
[2018-05-11 20:31:12] EDIT MIDEX_1/controllers/default.py: 0
[2018-05-11 20:31:30] EDIT MIDEX_1/controllers/default.py: -1
[2018-05-11 20:32:23] EDIT MIDEX_1/controllers/default.py: 1
[2018-05-11 20:32:44] EDIT MIDEX_1/controllers/default.py: 0
[2018-05-11 20:32:52] EDIT MIDEX_1/controllers/default.py: 0
[2018-05-11 20:33:08] EDIT MIDEX_1/controllers/default.py: -1
[2018-05-11 20:33:18] EDIT MIDEX_1/controllers/default.py: 1
[2018-05-11 20:33:40] EDIT MIDEX_1/controllers/default.py: 0
[2018-05-11 20:33:41] EDIT MIDEX_1/controllers/default.py: 0
[2018-05-11 20:34:45] EDIT MIDEX_1/controllers/default.py: 0
[2018-05-11 20:39:30] EDIT MIDEX_1/controllers/default.py: 0
[2018-05-11 20:41:47] EDIT MIDEX_1/controllers/default.py: 0
[2018-05-11 20:42:01] EDIT MIDEX_1/controllers/default.py: 0
[2018-05-11 20:42:21] EDIT MIDEX_1/controllers/default.py: 0
[2018-05-11 20:45:34] EDIT MIDEX_1/views/default/precio.html: 1
[2018-05-12 11:46:36] EDIT MIDEX_1/controllers/default.py: 0
[2018-05-12 11:46:53] EDIT MIDEX_1/controllers/default.py: 0
[2018-05-12 11:47:08] EDIT MIDEX_1/controllers/default.py: 0
[2018-05-12 11:47:28] EDIT MIDEX_1/controllers/default.py: -1
[2018-05-12 11:58:19] EDIT MIDEX_1/models/menu.py: 4
[2018-05-12 12:02:58] EDIT MIDEX_1/models/menu.py: 2
[2018-05-12 12:09:37] EDIT MIDEX_1/controllers/default.py: 3
[2018-05-12 12:10:02] CREATE default/cierre.html: 0
[2018-05-12 12:10:06] EDIT MIDEX_1/views/default/cierre.html: 0
[2018-05-12 16:37:10] EDIT MIDEX_1/controllers/default.py: 21
[2018-05-12 17:38:40] EDIT MIDEX_1/controllers/default.py: 0
[2018-05-12 17:53:48] EDIT MIDEX_1/views/default/cierre.html: -1
[2018-05-12 17:54:22] EDIT MIDEX_1/views/default/cierre.html: 1
[2018-05-12 17:58:49] EDIT MIDEX_1/controllers/default.py: -2
[2018-05-12 17:59:38] EDIT MIDEX_1/controllers/default.py: -1
[2018-05-12 18:00:40] EDIT MIDEX_1/controllers/default.py: 0
[2018-05-12 18:00:42] EDIT MIDEX_1/controllers/default.py: 0
[2018-05-12 18:00:43] EDIT MIDEX_1/controllers/default.py: 0
[2018-05-12 18:01:01] EDIT MIDEX_1/controllers/default.py: 0
[2018-05-12 18:01:07] EDIT MIDEX_1/controllers/default.py: 0
[2018-05-12 18:02:09] EDIT MIDEX_1/controllers/default.py: 0
[2018-05-12 18:02:12] EDIT MIDEX_1/controllers/default.py: 0
[2018-05-12 18:03:52] EDIT MIDEX_1/views/default/cierre.html: 0
[2018-05-12 18:04:48] EDIT MIDEX_1/views/default/cierre.html: 0
[2018-05-12 18:05:17] EDIT MIDEX_1/views/default/cierre.html: 0
[2018-05-12 18:08:53] EDIT MIDEX_1/controllers/default.py: 1
[2018-05-12 18:12:22] EDIT MIDEX_1/controllers/default.py: 0
[2018-05-12 18:13:35] EDIT MIDEX_1/controllers/default.py: 0
[2018-05-12 18:13:54] EDIT MIDEX_1/controllers/default.py: 0
[2018-05-12 18:14:51] EDIT MIDEX_1/controllers/default.py: 0
[2018-05-12 18:17:48] EDIT MIDEX_1/controllers/default.py: 1
[2018-05-12 18:17:56] EDIT MIDEX_1/controllers/default.py: 0
[2018-05-12 18:18:12] EDIT MIDEX_1/controllers/default.py: 0
[2018-05-12 18:18:19] EDIT MIDEX_1/controllers/default.py: 0
[2018-05-12 18:18:47] EDIT MIDEX_1/controllers/default.py: 2
[2018-05-12 18:19:20] EDIT MIDEX_1/controllers/default.py: -2
[2018-05-12 18:19:39] EDIT MIDEX_1/controllers/default.py: -1
[2018-05-12 18:21:00] EDIT MIDEX_1/controllers/default.py: -9
[2018-05-12 18:22:12] EDIT MIDEX_1/controllers/default.py: 2
[2018-05-12 18:22:46] EDIT MIDEX_1/controllers/default.py: 0
[2018-05-12 18:22:49] EDIT MIDEX_1/controllers/default.py: 0
[2018-05-12 18:23:05] EDIT MIDEX_1/controllers/default.py: 0
[2018-05-12 18:23:48] EDIT MIDEX_1/controllers/default.py: 0
[2018-05-12 18:23:53] EDIT MIDEX_1/controllers/default.py: 0
[2018-05-12 18:24:06] EDIT MIDEX_1/controllers/default.py: 0
[2018-05-12 18:24:21] EDIT MIDEX_1/controllers/default.py: 0
[2018-05-12 18:24:44] EDIT MIDEX_1/controllers/default.py: -1
[2018-05-12 18:25:12] EDIT MIDEX_1/controllers/default.py: 0
[2018-05-12 18:25:27] EDIT MIDEX_1/controllers/default.py: 0
[2018-05-12 18:25:30] EDIT MIDEX_1/controllers/default.py: 0
[2018-05-12 18:25:37] EDIT MIDEX_1/controllers/default.py: 0
[2018-05-12 18:25:46] EDIT MIDEX_1/controllers/default.py: 0
[2018-05-12 18:26:20] EDIT MIDEX_1/controllers/default.py: 0
[2018-05-12 18:29:52] EDIT MIDEX_1/controllers/default.py: 6
[2018-05-12 18:30:41] EDIT MIDEX_1/controllers/default.py: -2
[2018-05-12 18:30:53] EDIT MIDEX_1/controllers/default.py: 0
[2018-05-12 18:31:08] EDIT MIDEX_1/controllers/default.py: 0
[2018-05-12 18:31:40] EDIT MIDEX_1/controllers/default.py: 1
[2018-05-12 18:31:44] EDIT MIDEX_1/controllers/default.py: 0
[2018-05-12 18:33:05] EDIT MIDEX_1/controllers/default.py: 0
[2018-05-12 18:34:02] EDIT MIDEX_1/controllers/default.py: -2
[2018-05-12 18:34:20] EDIT MIDEX_1/controllers/default.py: 0
[2018-05-12 18:35:20] EDIT MIDEX_1/controllers/default.py: 1
[2018-05-12 18:37:10] EDIT MIDEX_1/controllers/default.py: 0
[2018-05-12 18:37:40] EDIT MIDEX_1/controllers/default.py: 0
[2018-05-12 18:48:33] EDIT MIDEX_1/controllers/default.py: -2
[2018-05-12 18:49:00] EDIT MIDEX_1/controllers/default.py: -3
[2018-05-12 18:49:31] EDIT MIDEX_1/controllers/default.py: 0
[2018-05-12 18:50:01] EDIT MIDEX_1/controllers/default.py: 0
[2018-05-12 18:50:40] EDIT MIDEX_1/controllers/default.py: 0
[2018-05-12 18:53:59] EDIT MIDEX_1/views/layout.html: 1
[2018-05-12 18:54:05] EDIT MIDEX_1/views/layout.html: 0
[2018-05-12 19:00:55] EDIT MIDEX_1/views/layout.html: 0
[2018-05-12 19:16:18] EDIT MIDEX_1/views/layout.html: -1
[2018-05-12 19:23:27] EDIT MIDEX_1/views/layout.html: 0
[2018-05-12 19:50:34] EDIT MIDEX_1/models/menu.py: 3
[2018-05-12 19:51:12] EDIT MIDEX_1/models/menu.py: 0
[2018-05-12 19:51:28] EDIT MIDEX_1/models/menu.py: 0
[2018-05-12 19:52:04] EDIT MIDEX_1/models/menu.py: -1
[2018-05-12 19:53:11] EDIT MIDEX_1/models/menu.py: 0
[2018-05-12 19:55:08] EDIT MIDEX_1/models/menu.py: 0
[2018-05-12 19:55:24] EDIT MIDEX_1/models/menu.py: 0
[2018-05-12 19:55:40] EDIT MIDEX_1/models/menu.py: 0
[2018-05-12 19:55:42] EDIT MIDEX_1/models/menu.py: 0
[2018-05-12 19:56:16] EDIT MIDEX_1/models/menu.py: 0
[2018-05-12 19:56:32] EDIT MIDEX_1/models/menu.py: 0
[2018-05-12 20:29:28] EDIT MIDEX_1/controllers/default.py: 0
[2018-05-12 20:31:28] EDIT MIDEX_1/controllers/default.py: 0
[2018-05-12 20:32:43] EDIT MIDEX_1/controllers/appadmin.py: 0
[2018-05-12 20:33:56] EDIT MIDEX_1/views/default/index.html: 0
[2018-05-13 11:08:51] EDIT MIDEX_1/private/appconfig.ini: 0
[2018-05-13 12:00:06] EDIT MIDEX_1/private/appconfig.ini: 4
[2018-05-13 18:07:23] EDIT MIDEX_1/models/db.py: 0
[2018-05-13 18:37:28] EDIT MIDEX_1/controllers/default.py: 0
[2018-05-14 08:57:46] EDIT MIDEX_1/controllers/default.py: 0
[2018-05-14 08:59:05] EDIT MIDEX_1/controllers/default.py: 1
[2018-05-14 08:59:19] EDIT MIDEX_1/controllers/default.py: 0
[2018-05-14 08:59:45] EDIT MIDEX_1/controllers/default.py: 0
[2018-05-14 08:59:47] EDIT MIDEX_1/controllers/default.py: 0
[2018-05-14 15:22:19] CREATE reportes.py: 0
[2018-05-15 12:52:39] EDIT MIDEX_1/controllers/reportes.py: 0
[2018-05-15 14:21:21] EDIT MIDEX_1/controllers/reportes.py: 0
[2018-05-15 14:21:56] EDIT MIDEX_1/controllers/reportes.py: 0
[2018-05-15 14:23:04] EDIT MIDEX_1/controllers/reportes.py: 0
[2018-05-15 15:08:26] CREATE reportes/turnos.html: 0
[2018-05-15 15:08:52] EDIT MIDEX_1/views/reportes/turnos.html: 0
[2018-05-15 15:09:42] EDIT MIDEX_1/views/reportes/turnos.html: 0
[2018-05-15 19:15:59] EDIT MIDEX_1/models/db.py: 0
[2018-05-15 19:16:27] EDIT MIDEX_1/controllers/reportes.py: 0
[2018-05-18 09:58:16] CREATE reportes.py: 0
[2018-05-18 16:12:14] EDIT MIDEX_1/models/db.py: 0
[2018-05-27 19:12:38] EDIT MIDEX_1/controllers/reportes.py: 0
[2018-06-06 20:24:17] EDIT MIDEX_1/controllers/default.py: 0
[2018-06-06 20:24:42] EDIT MIDEX_1/private/appconfig.ini: 0
[2018-06-08 02:46:48] EDIT MIDEX_1/controllers/reportes.py: 0
[2019-01-13 10:43:49] EDIT MIDEX_web/models/db_vistas.py: 0
[2019-01-13 10:44:28] EDIT MIDEX_web/models/db_dato.py: 0
[2019-01-13 10:49:16] EDIT MIDEX_web/models/db_dato.py: 0
[2019-01-13 10:49:31] EDIT MIDEX_web/models/db_dato.py: 0
[2019-01-13 10:49:39] EDIT MIDEX_web/models/db_dato.py: 0
[2019-01-13 10:50:20] EDIT MIDEX_web/models/db_dato.py: 0
[2019-01-13 10:50:30] EDIT MIDEX_web/models/db_dato.py: 0
[2019-01-13 10:53:35] EDIT MIDEX_web/models/db_dato.py: 0
[2019-01-13 10:56:07] EDIT MIDEX_web/private/appconfig.ini: 0
[2019-01-13 11:09:48] EDIT MIDEX_web/private/appconfig.ini: 1
[2019-01-13 11:21:50] EDIT MIDEX_web/private/appconfig.ini: 0
[2019-01-13 11:22:55] EDIT MIDEX_web/modules/m_bases.py: 0
[2019-01-13 11:26:09] EDIT MIDEX_web/models/db.py: 0
[2019-01-13 11:35:55] EDIT MIDEX_web/private/appconfig.ini: 0
[2019-01-13 11:37:08] EDIT MIDEX_web/private/appconfig.ini: 0
[2019-01-13 11:38:06] EDIT MIDEX_web/private/appconfig.ini: 0
[2019-01-13 11:38:49] EDIT MIDEX_web/private/appconfig.ini: -1
[2019-01-13 11:42:07] EDIT MIDEX_web/private/appconfig.ini: 1
[2019-01-13 11:42:44] EDIT MIDEX_web/private/appconfig.ini: 0
[2019-01-13 11:44:59] EDIT MIDEX_web/models/db_dato.py: 0
[2019-01-13 11:46:03] EDIT MIDEX_web/models/db_dato.py: 0
[2019-01-13 12:01:35] EDIT MIDEX_web/controllers/appadmin.py: 0
[2019-01-13 12:01:59] EDIT MIDEX_web/controllers/default.py: 0
[2019-01-13 12:04:57] EDIT MIDEX_web/controllers/default.py: 0
[2019-01-13 12:23:04] EDIT MIDEX_web/models/db.py: 1
[2019-01-13 12:29:32] EDIT MIDEX_web/models/db.py: 0
[2019-01-13 12:30:11] EDIT MIDEX_web/models/db.py: 0
[2019-01-13 12:30:24] EDIT MIDEX_web/models/db.py: 0
[2019-01-13 12:30:50] EDIT MIDEX_web/models/db_dato.py: -9
[2019-01-13 12:31:25] EDIT MIDEX_web/models/db.py: 9
[2019-01-13 12:31:42] EDIT MIDEX_web/models/db.py: 0
[2019-01-13 12:33:15] EDIT MIDEX_web/models/db.py: -9
[2019-01-13 12:33:34] EDIT MIDEX_web/models/db_dato.py: 9
[2019-01-13 12:34:47] EDIT MIDEX_web/models/db_dato.py: 0
[2019-01-13 12:37:21] EDIT MIDEX_web/private/appconfig.ini: 0
[2019-01-13 16:23:22] EDIT MIDEX_web/views/default/imagen.html: 1
[2019-06-03 15:00:46] EDIT MIDEX_web/private/appconfig.ini: -1
[2019-06-07 10:24:16] EDIT MIDEX_web/private/appconfig.ini: 0
